#
# A fatal error has been detected by the Java Runtime Environment:
#
#  SIGSEGV (0xb) at pc=0x00007fff831bcee7, pid=74255, tid=56083
#
# JRE version: Java(TM) SE Runtime Environment (8.0_45-b14) (build 1.8.0_45-b14)
# Java VM: Java HotSpot(TM) 64-Bit Server VM (25.45-b02 mixed mode bsd-amd64 compressed oops)
# Problematic frame:
# C  [CoreFoundation+0xdfee7]  CFUniCharPrecomposeCharacter+0x97
#
# Failed to write core dump. Core dumps have been disabled. To enable core dumping, try "ulimit -c unlimited" before starting Java again
#
# If you would like to submit a bug report, please visit:
#   http://bugreport.java.com/bugreport/crash.jsp
# The crash happened outside the Java Virtual Machine in native code.
# See problematic frame for where to report the bug.
#

---------------  T H R E A D  ---------------

Current thread (0x00007fcbd7f27800):  JavaThread "ForkJoinPool.commonPool-worker-3" daemon [_thread_in_native, id=56083, stack(0x0000700003e51000,0x0000700003f51000)]

siginfo: si_signo: 11 (SIGSEGV), si_code: 1 (SEGV_MAPERR), si_addr: 0x0000000000000d98

Registers:
RAX=0x000000000000fffd, RBX=0x0000000000003099, RCX=0x00007fff987e1737, RDX=0x0000000000300366
RSP=0x0000700003f4f550, RBP=0x0000700003f4f560, RSI=0x0000000000000366, RDI=0x0000000000000000
R8 =0x00007fcbd25003c0, R9 =0x0000000000000002, R10=0x0000000003f4f300, R11=0x00000fcbd776e830
R12=0x0000000000000001, R13=0x0000000000000000, R14=0x00000000000030b5, R15=0x0000700003f4f608
RIP=0x00007fff831bcee7, EFLAGS=0x0000000000010206, ERR=0x0000000000000004
  TRAPNO=0x000000000000000e

Top of Stack: (sp=0x0000700003f4f550)
0x0000700003f4f550:   0000000000003099 0000700003f4f654
0x0000700003f4f560:   0000700003f4f780 00007fff8319fc3b
0x0000700003f4f570:   0000000000000001 00007fff7234d440
0x0000700003f4f580:   0000000000000000 0000700003f4f650
0x0000700003f4f590:   00007fff9877d0c0 0000000000000002
0x0000700003f4f5a0:   00007fcbdbb573a0 00007fcbdbb57390
0x0000700003f4f5b0:   0000000000000040 0000000000000006
0x0000700003f4f5c0:   0000000000000002 000000010048b200
0x0000700003f4f5d0:   00007fcbdb6bdb98 00000004db6bdb96
0x0000700003f4f5e0:   00000007b65c0730 0000000000000002
0x0000700003f4f5f0:   00007fcbdb6bdb9c 00007fff987770be
0x0000700003f4f600:   0000700003f4f650 0000000000000000
0x0000700003f4f610:   0000000000000002 00000001018aec8c
0x0000700003f4f620:   00000007b65c0718 00007fff987cd0eb
0x0000700003f4f630:   00000000000030b5 0000000100485000
0x0000700003f4f640:   00007fff75573e90 00007fcbdbb57390
0x0000700003f4f650:   00003099000030b5 00007fff75573e90
0x0000700003f4f660:   0000000000001004 0000000000000040
0x0000700003f4f670:   0000700003f4f720 0000000085187a24
0x0000700003f4f680:   0000000000000000 00007fcbdbb57300
0x0000700003f4f690:   ff80000000001004 00007fff9213ffff
0x0000700003f4f6a0:   00007fcbdbb00000 0000000000000000
0x0000700003f4f6b0:   0000000000000000 0000000000000040
0x0000700003f4f6c0:   0000000100485000 0000000000000040
0x0000700003f4f6d0:   00007fff7234ace0 0000000000000007
0x0000700003f4f6e0:   0000000000000000 0000000000000040
0x0000700003f4f6f0:   00007fcbdbb57390 00007fff72222568
0x0000700003f4f700:   0000700003f4f760 00007fff830e05a2
0x0000700003f4f710:   01007fcb7221ad01 00007fff7234d440
0x0000700003f4f720:   00007fff7234d440 0000000000000000
0x0000700003f4f730:   0000000000000007 00007fcbd9bc9215
0x0000700003f4f740:   0000000000000020 00007fcbdb92b118 

Instructions: (pc=0x00007fff831bcee7)
0x00007fff831bcec7:   d1 76 d6 e9 e1 00 00 00 8b 54 f1 04 85 d2 0f 84
0x00007fff831bced7:   d5 00 00 00 78 69 48 8b 3d 9c b0 19 ef 0f b7 f2
0x00007fff831bcee7:   0f b7 1c b7 41 0f b7 c6 31 c9 39 c3 0f 87 ad 00
0x00007fff831bcef7:   00 00 c1 ea 10 ff ca 48 01 f2 0f b7 1c 97 39 c3 

Register to memory mapping:

RAX=0x000000000000fffd is an unknown value
RBX=0x0000000000003099 is an unknown value
RCX=0x00007fff987e1737: GCC_except_table0+0x15298433 in /System/Library/Frameworks/CoreFoundation.framework/Versions/A/CoreFoundation at 0x00007fff830dd000
RDX=0x0000000000300366 is an unknown value
RSP=0x0000700003f4f550 is pointing into the stack for thread: 0x00007fcbd7f27800
RBP=0x0000700003f4f560 is pointing into the stack for thread: 0x00007fcbd7f27800
RSI=0x0000000000000366 is an unknown value
RDI=0x0000000000000000 is an unknown value
R8 =0x00007fcbd25003c0 is an unknown value
R9 =0x0000000000000002 is an unknown value
R10=0x0000000003f4f300 is an unknown value
R11=0x00000fcbd776e830 is an unknown value
R12=0x0000000000000001 is an unknown value
R13=0x0000000000000000 is an unknown value
R14=0x00000000000030b5 is an unknown value
R15=0x0000700003f4f608 is pointing into the stack for thread: 0x00007fcbd7f27800


Stack: [0x0000700003e51000,0x0000700003f51000],  sp=0x0000700003f4f550,  free space=1017k
Native frames: (J=compiled Java code, j=interpreted, Vv=VM code, C=native code)
C  [CoreFoundation+0xdfee7]  CFUniCharPrecomposeCharacter+0x97
C  [CoreFoundation+0xc2c3b]  CFStringNormalize+0xd2b
C  [libjava.dylib+0xc715]  newStringPlatform+0x65
C  [libjava.dylib+0xaa5b]  Java_java_io_UnixFileSystem_list+0x19a
J 12056  java.io.UnixFileSystem.list(Ljava/io/File;)[Ljava/lang/String; (0 bytes) @ 0x00000001037583bc [0x0000000103758300+0xbc]
j  java.io.File.list()[Ljava/lang/String;+29
j  org.gradle.api.internal.file.FileNormaliser.findChildIgnoringCase(Ljava/io/File;Ljava/lang/String;)Ljava/io/File;+1
j  org.gradle.api.internal.file.FileNormaliser.normaliseUnixPathIgnoringCase(Ljava/util/List;)Ljava/io/File;+30
J 5220 C1 org.gradle.api.internal.file.FileNormaliser.normalise(Ljava/io/File;)Ljava/io/File; (212 bytes) @ 0x0000000103669dbc [0x0000000103667880+0x253c]
J 4426 C1 org.gradle.api.internal.file.collections.DefaultFileCollectionResolveContext$FileCollectionConverter.convertInto(Ljava/lang/Object;Ljava/util/Collection;Lorg/gradle/internal/file/PathToFileResolver;)V (201 bytes) @ 0x000000010346b764 [0x000000010346a160+0x1604]
J 4425 C1 org.gradle.api.internal.file.collections.DefaultFileCollectionResolveContext.doResolve(Lorg/gradle/api/internal/file/collections/DefaultFileCollectionResolveContext$Converter;)Ljava/util/List; (356 bytes) @ 0x00000001034672a4 [0x0000000103464860+0x2a44]
J 4426 C1 org.gradle.api.internal.file.collections.DefaultFileCollectionResolveContext$FileCollectionConverter.convertInto(Ljava/lang/Object;Ljava/util/Collection;Lorg/gradle/internal/file/PathToFileResolver;)V (201 bytes) @ 0x000000010346caf4 [0x000000010346a160+0x2994]
J 4425 C1 org.gradle.api.internal.file.collections.DefaultFileCollectionResolveContext.doResolve(Lorg/gradle/api/internal/file/collections/DefaultFileCollectionResolveContext$Converter;)Ljava/util/List; (356 bytes) @ 0x0000000103464edc [0x0000000103464860+0x67c]
J 11155 C1 org.gradle.api.internal.file.CompositeFileCollection.getSourceCollections()Ljava/util/Collection; (25 bytes) @ 0x000000010462ade4 [0x000000010462a340+0xaa4]
j  org.gradle.api.internal.file.CompositeFileCollection.isEmpty()Z+1
j  org.gradle.process.internal.JavaExecHandleBuilder.getAllJvmArgs()Ljava/util/List;+28
j  org.gradle.process.internal.JavaExecHandleBuilder.getAllArguments()Ljava/util/List;+10
j  org.gradle.process.internal.AbstractExecHandleBuilder.build()Lorg/gradle/process/internal/ExecHandle;+41
j  org.gradle.process.internal.JavaExecHandleBuilder.build()Lorg/gradle/process/internal/ExecHandle;+18
j  org.gradle.process.internal.DefaultJavaExecAction.execute()Lorg/gradle/process/ExecResult;+1
j  org.gradle.api.internal.file.DefaultFileOperations.javaexec(Lorg/gradle/api/Action;)Lorg/gradle/process/ExecResult;+35
j  org.gradle.api.internal.project.DefaultProject.javaexec(Lorg/gradle/api/Action;)Lorg/gradle/process/ExecResult;+5
j  com.android.build.gradle.internal.process.GradleJavaProcessExecutor.execute(Lcom/android/ide/common/process/JavaProcessInfo;Lcom/android/ide/common/process/ProcessOutputHandler;)Lcom/android/ide/common/process/ProcessResult;+41
j  com.android.build.gradle.internal.transforms.DesugarTransform.lambda$processNonCachedOnes$3(Lcom/google/common/collect/Multimap;Ljava/lang/Integer;Ljava/util/List;Ljava/util/List;)Ljava/lang/Void;+132
j  com.android.build.gradle.internal.transforms.DesugarTransform$$Lambda$1108.call()Ljava/lang/Object;+20
j  java.util.concurrent.ForkJoinTask$AdaptedCallable.exec()Z+5
j  java.util.concurrent.ForkJoinTask.doExec()I+10
j  java.util.concurrent.ForkJoinPool$WorkQueue.runTask(Ljava/util/concurrent/ForkJoinTask;)V+21
j  java.util.concurrent.ForkJoinPool.runWorker(Ljava/util/concurrent/ForkJoinPool$WorkQueue;)V+35
j  java.util.concurrent.ForkJoinWorkerThread.run()V+24
v  ~StubRoutines::call_stub
V  [libjvm.dylib+0x2e032a]  JavaCalls::call_helper(JavaValue*, methodHandle*, JavaCallArguments*, Thread*)+0x6ae
V  [libjvm.dylib+0x2e0ab8]  JavaCalls::call_virtual(JavaValue*, KlassHandle, Symbol*, Symbol*, JavaCallArguments*, Thread*)+0x164
V  [libjvm.dylib+0x2e0c64]  JavaCalls::call_virtual(JavaValue*, Handle, KlassHandle, Symbol*, Symbol*, Thread*)+0x4a
V  [libjvm.dylib+0x3331a5]  thread_entry(JavaThread*, Thread*)+0x7c
V  [libjvm.dylib+0x549acf]  JavaThread::thread_main_inner()+0x9b
V  [libjvm.dylib+0x54b1c0]  JavaThread::run()+0x1c2
V  [libjvm.dylib+0x46ea7e]  java_start(Thread*)+0xf6
C  [libsystem_pthread.dylib+0x399d]  _pthread_body+0x83
C  [libsystem_pthread.dylib+0x391a]  _pthread_body+0x0
C  [libsystem_pthread.dylib+0x1351]  thread_start+0xd
C  0x0000000000000000

Java frames: (J=compiled Java code, j=interpreted, Vv=VM code)
J 12056  java.io.UnixFileSystem.list(Ljava/io/File;)[Ljava/lang/String; (0 bytes) @ 0x000000010375834c [0x0000000103758300+0x4c]
j  java.io.File.list()[Ljava/lang/String;+29
j  org.gradle.api.internal.file.FileNormaliser.findChildIgnoringCase(Ljava/io/File;Ljava/lang/String;)Ljava/io/File;+1
j  org.gradle.api.internal.file.FileNormaliser.normaliseUnixPathIgnoringCase(Ljava/util/List;)Ljava/io/File;+30
J 5220 C1 org.gradle.api.internal.file.FileNormaliser.normalise(Ljava/io/File;)Ljava/io/File; (212 bytes) @ 0x0000000103669dbc [0x0000000103667880+0x253c]
J 4426 C1 org.gradle.api.internal.file.collections.DefaultFileCollectionResolveContext$FileCollectionConverter.convertInto(Ljava/lang/Object;Ljava/util/Collection;Lorg/gradle/internal/file/PathToFileResolver;)V (201 bytes) @ 0x000000010346b764 [0x000000010346a160+0x1604]
J 4425 C1 org.gradle.api.internal.file.collections.DefaultFileCollectionResolveContext.doResolve(Lorg/gradle/api/internal/file/collections/DefaultFileCollectionResolveContext$Converter;)Ljava/util/List; (356 bytes) @ 0x00000001034672a4 [0x0000000103464860+0x2a44]
J 4426 C1 org.gradle.api.internal.file.collections.DefaultFileCollectionResolveContext$FileCollectionConverter.convertInto(Ljava/lang/Object;Ljava/util/Collection;Lorg/gradle/internal/file/PathToFileResolver;)V (201 bytes) @ 0x000000010346caf4 [0x000000010346a160+0x2994]
J 4425 C1 org.gradle.api.internal.file.collections.DefaultFileCollectionResolveContext.doResolve(Lorg/gradle/api/internal/file/collections/DefaultFileCollectionResolveContext$Converter;)Ljava/util/List; (356 bytes) @ 0x0000000103464edc [0x0000000103464860+0x67c]
J 11155 C1 org.gradle.api.internal.file.CompositeFileCollection.getSourceCollections()Ljava/util/Collection; (25 bytes) @ 0x000000010462ade4 [0x000000010462a340+0xaa4]
j  org.gradle.api.internal.file.CompositeFileCollection.isEmpty()Z+1
j  org.gradle.process.internal.JavaExecHandleBuilder.getAllJvmArgs()Ljava/util/List;+28
j  org.gradle.process.internal.JavaExecHandleBuilder.getAllArguments()Ljava/util/List;+10
j  org.gradle.process.internal.AbstractExecHandleBuilder.build()Lorg/gradle/process/internal/ExecHandle;+41
j  org.gradle.process.internal.JavaExecHandleBuilder.build()Lorg/gradle/process/internal/ExecHandle;+18
j  org.gradle.process.internal.DefaultJavaExecAction.execute()Lorg/gradle/process/ExecResult;+1
j  org.gradle.api.internal.file.DefaultFileOperations.javaexec(Lorg/gradle/api/Action;)Lorg/gradle/process/ExecResult;+35
j  org.gradle.api.internal.project.DefaultProject.javaexec(Lorg/gradle/api/Action;)Lorg/gradle/process/ExecResult;+5
j  com.android.build.gradle.internal.process.GradleJavaProcessExecutor.execute(Lcom/android/ide/common/process/JavaProcessInfo;Lcom/android/ide/common/process/ProcessOutputHandler;)Lcom/android/ide/common/process/ProcessResult;+41
j  com.android.build.gradle.internal.transforms.DesugarTransform.lambda$processNonCachedOnes$3(Lcom/google/common/collect/Multimap;Ljava/lang/Integer;Ljava/util/List;Ljava/util/List;)Ljava/lang/Void;+132
j  com.android.build.gradle.internal.transforms.DesugarTransform$$Lambda$1108.call()Ljava/lang/Object;+20
j  java.util.concurrent.ForkJoinTask$AdaptedCallable.exec()Z+5
j  java.util.concurrent.ForkJoinTask.doExec()I+10
j  java.util.concurrent.ForkJoinPool$WorkQueue.runTask(Ljava/util/concurrent/ForkJoinTask;)V+21
j  java.util.concurrent.ForkJoinPool.runWorker(Ljava/util/concurrent/ForkJoinPool$WorkQueue;)V+35
j  java.util.concurrent.ForkJoinWorkerThread.run()V+24
v  ~StubRoutines::call_stub

---------------  P R O C E S S  ---------------

Java Threads: ( => current thread )
  0x00007fcbda738000 JavaThread "Forward streams with process: command '/Library/Java/JavaVirtualMachines/jdk1.8.0_45.jdk/Contents/Home/bin/java' Thread 3" daemon [_thread_in_native, id=52499, stack(0x00007000046bf000,0x00007000047bf000)]
  0x00007fcbd7019000 JavaThread "Forward streams with process: command '/Library/Java/JavaVirtualMachines/jdk1.8.0_45.jdk/Contents/Home/bin/java' Thread 3" daemon [_thread_in_native, id=52243, stack(0x00007000045bc000,0x00007000046bc000)]
  0x00007fcbd8dff800 JavaThread "Forward streams with process: command '/Library/Java/JavaVirtualMachines/jdk1.8.0_45.jdk/Contents/Home/bin/java' Thread 2" daemon [_thread_in_native, id=42515, stack(0x00007000044b9000,0x00007000045b9000)]
  0x00007fcbd657c000 JavaThread "Forward streams with process: command '/Library/Java/JavaVirtualMachines/jdk1.8.0_45.jdk/Contents/Home/bin/java' Thread 2" daemon [_thread_in_native, id=54035, stack(0x00007000043b6000,0x00007000044b6000)]
  0x00007fcbd7ea4800 JavaThread "Forward streams with process: command '/Library/Java/JavaVirtualMachines/jdk1.8.0_45.jdk/Contents/Home/bin/java'" daemon [_thread_blocked, id=48915, stack(0x00007000042b3000,0x00007000043b3000)]
  0x00007fcbd7c22000 JavaThread "Forward streams with process: command '/Library/Java/JavaVirtualMachines/jdk1.8.0_45.jdk/Contents/Home/bin/java'" daemon [_thread_blocked, id=57875, stack(0x00007000041b0000,0x00007000042b0000)]
  0x00007fcbd7d11800 JavaThread "Run command '/Library/Java/JavaVirtualMachines/jdk1.8.0_45.jdk/Contents/Home/bin/java'" daemon [_thread_blocked, id=55315, stack(0x0000700004057000,0x0000700004157000)]
  0x00007fcbd9083800 JavaThread "Run command '/Library/Java/JavaVirtualMachines/jdk1.8.0_45.jdk/Contents/Home/bin/java'" daemon [_thread_blocked, id=51475, stack(0x0000700003f54000,0x0000700004054000)]
=>0x00007fcbd7f27800 JavaThread "ForkJoinPool.commonPool-worker-3" daemon [_thread_in_native, id=56083, stack(0x0000700003e51000,0x0000700003f51000)]
  0x00007fcbd5f5a000 JavaThread "ForkJoinPool.commonPool-worker-7" daemon [_thread_in_native, id=54799, stack(0x0000700003942000,0x0000700003a42000)]
  0x00007fcbd9ba2000 JavaThread "ForkJoinPool.commonPool-worker-1" daemon [_thread_blocked, id=53011, stack(0x0000700003d4e000,0x0000700003e4e000)]
  0x00007fcbd2ca1000 JavaThread "ForkJoinPool.commonPool-worker-0" daemon [_thread_in_native, id=49683, stack(0x0000700003a45000,0x0000700003b45000)]
  0x00007fcbda30f800 JavaThread "ForkJoinPool.commonPool-worker-6" daemon [_thread_in_native, id=48651, stack(0x0000700003c4b000,0x0000700003d4b000)]
  0x00007fcbd7b93800 JavaThread "ForkJoinPool.commonPool-worker-5" daemon [_thread_in_native, id=50955, stack(0x0000700003b48000,0x0000700003c48000)]
  0x00007fcbd2cad800 JavaThread "ForkJoinPool.commonPool-worker-2" daemon [_thread_blocked, id=39175, stack(0x000070000383f000,0x000070000393f000)]
  0x00007fcbdaa44000 JavaThread "process reaper" daemon [_thread_blocked, id=47363, stack(0x0000700004185000,0x00007000041ad000)]
  0x00007fcbd3a31800 JavaThread "process reaper" daemon [_thread_blocked, id=46851, stack(0x000070000415a000,0x0000700004182000)]
  0x00007fcbda6b0000 JavaThread "process reaper" daemon [_thread_blocked, id=46339, stack(0x0000700000d94000,0x0000700000dbc000)]
  0x00007fcbd7450800 JavaThread "process reaper" daemon [_thread_blocked, id=45827, stack(0x0000700000d69000,0x0000700000d91000)]
  0x00007fcbdaa43800 JavaThread "process reaper" daemon [_thread_in_native, id=45315, stack(0x0000700000d3e000,0x0000700000d66000)]
  0x00007fcbd9313000 JavaThread "process reaper" daemon [_thread_blocked, id=44803, stack(0x00007000000ed000,0x0000700000115000)]
  0x00007fcbd3a2b000 JavaThread "process reaper" daemon [_thread_blocked, id=44291, stack(0x00007000000c2000,0x00007000000ea000)]
  0x00007fcbd890d000 JavaThread "process reaper" daemon [_thread_in_native, id=43779, stack(0x0000700000097000,0x00007000000bf000)]
  0x00007fcbd6493000 JavaThread "Worker Daemon Execution Thread 3" [_thread_blocked, id=38659, stack(0x000070000373c000,0x000070000383c000)]
  0x00007fcbda7f7000 JavaThread "Worker Daemon Execution Thread 2" [_thread_blocked, id=38147, stack(0x0000700003639000,0x0000700003739000)]
  0x00007fcbd8d9b000 JavaThread "Worker Daemon Execution" [_thread_blocked, id=37635, stack(0x0000700003536000,0x0000700003636000)]
  0x00007fcbd82e0000 JavaThread "Task worker for ':' Thread 7" [_thread_blocked, id=37123, stack(0x0000700003433000,0x0000700003533000)]
  0x00007fcbda9da800 JavaThread "Task worker for ':' Thread 6" [_thread_blocked, id=36611, stack(0x0000700003330000,0x0000700003430000)]
  0x00007fcbd7cf1000 JavaThread "Task worker for ':' Thread 5" [_thread_blocked, id=36099, stack(0x000070000322d000,0x000070000332d000)]
  0x00007fcbd8f99800 JavaThread "Task worker for ':' Thread 4" [_thread_blocked, id=35587, stack(0x000070000312a000,0x000070000322a000)]
  0x00007fcbd8a59800 JavaThread "Task worker for ':' Thread 3" [_thread_blocked, id=35075, stack(0x0000700003027000,0x0000700003127000)]
  0x00007fcbd8fbd000 JavaThread "Task worker for ':' Thread 2" [_thread_blocked, id=34563, stack(0x0000700002f24000,0x0000700003024000)]
  0x00007fcbd8c73800 JavaThread "Task worker for ':'" [_thread_blocked, id=34051, stack(0x0000700002e21000,0x0000700002f21000)]
  0x00007fcbd7b5e000 JavaThread "Cache worker for task history cache (/Users/rei_m/AndroidStudioProjects/HyakuninIsshu/.gradle/4.1/taskHistory)" [_thread_blocked, id=29447, stack(0x0000700002d1e000,0x0000700002e1e000)]
  0x00007fcbd8f8b000 JavaThread "Cache worker for file content cache (/Users/rei_m/AndroidStudioProjects/HyakuninIsshu/.gradle/4.1/fileContent)" [_thread_blocked, id=28679, stack(0x0000700002c1b000,0x0000700002d1b000)]
  0x00007fcbda04b000 JavaThread "build operations Thread 8" [_thread_blocked, id=33287, stack(0x0000700002912000,0x0000700002a12000)]
  0x00007fcbd8420800 JavaThread "build operations Thread 7" [_thread_blocked, id=30983, stack(0x000070000280f000,0x000070000290f000)]
  0x00007fcbd8bee000 JavaThread "build operations Thread 6" [_thread_blocked, id=30727, stack(0x000070000270c000,0x000070000280c000)]
  0x00007fcbd8bed000 JavaThread "build operations Thread 5" [_thread_blocked, id=31239, stack(0x0000700002609000,0x0000700002709000)]
  0x00007fcbd8966000 JavaThread "build operations Thread 4" [_thread_blocked, id=31751, stack(0x0000700002506000,0x0000700002606000)]
  0x00007fcbd8965800 JavaThread "build operations Thread 3" [_thread_blocked, id=33031, stack(0x0000700002403000,0x0000700002503000)]
  0x00007fcbd8964800 JavaThread "build operations Thread 2" [_thread_blocked, id=32775, stack(0x0000700002300000,0x0000700002400000)]
  0x00007fcbd8b46800 JavaThread "build operations" [_thread_blocked, id=32263, stack(0x00007000021fd000,0x00007000022fd000)]
  0x00007fcbd841f800 JavaThread "Cache worker for Artifact transforms cache (/Users/rei_m/.gradle/caches/transforms-1)" [_thread_blocked, id=28167, stack(0x00007000020fa000,0x00007000021fa000)]
  0x00007fcbd8aad800 JavaThread "Cache worker for file hash cache (/Users/rei_m/AndroidStudioProjects/HyakuninIsshu/.gradle/4.1/fileHashes)" [_thread_blocked, id=27655, stack(0x0000700001ff7000,0x00007000020f7000)]
  0x00007fcbda19f000 JavaThread "Stdin handler" [_thread_blocked, id=26119, stack(0x0000700001cee000,0x0000700001dee000)]
  0x00007fcbd7cf1800 JavaThread "Asynchronous log dispatcher for DefaultDaemonConnection: socket connection from /0:0:0:0:0:0:0:1:61062 to /0:0:0:0:0:0:0:1:61184" [_thread_blocked, id=25607, stack(0x0000700001beb000,0x0000700001ceb000)]
  0x00007fcbd7c52000 JavaThread "Daemon worker Thread 2" [_thread_blocked, id=24583, stack(0x0000700001ae8000,0x0000700001be8000)]
  0x00007fcbd7dad800 JavaThread "Cancel handler" [_thread_blocked, id=24071, stack(0x00007000019e5000,0x0000700001ae5000)]
  0x00007fcbd7dac800 JavaThread "Handler for socket connection from /0:0:0:0:0:0:0:1:61062 to /0:0:0:0:0:0:0:1:61184" [_thread_in_native, id=25095, stack(0x00007000018e2000,0x00007000019e2000)]
  0x00007fcbd7d64800 JavaThread "Daemon Thread 2" [_thread_blocked, id=23559, stack(0x00007000017df000,0x00007000018df000)]
  0x00007fcbd3867000 JavaThread "Memory manager" [_thread_blocked, id=16651, stack(0x0000700002b18000,0x0000700002c18000)]
  0x00007fcbd313f000 JavaThread "pool-1-thread-1" [_thread_blocked, id=4875, stack(0x0000700002a15000,0x0000700002b15000)]
  0x00007fcbd5164800 JavaThread "File lock request listener" [_thread_in_native, id=27139, stack(0x0000700001ef4000,0x0000700001ff4000)]
  0x00007fcbd2a39800 JavaThread "Cache worker for file hash cache (/Users/rei_m/.gradle/caches/4.1/fileHashes)" [_thread_blocked, id=26627, stack(0x0000700001df1000,0x0000700001ef1000)]
  0x00007fcbd5141800 JavaThread "Daemon periodic checks" [_thread_blocked, id=23043, stack(0x00007000016dc000,0x00007000017dc000)]
  0x00007fcbd59ae800 JavaThread "Incoming local TCP Connector on port 61062" [_thread_in_native, id=22531, stack(0x00007000015d9000,0x00007000016d9000)]
  0x00007fcbd6924000 JavaThread "Daemon health stats" [_thread_blocked, id=22019, stack(0x00007000014d6000,0x00007000015d6000)]
  0x00007fcbd500c000 JavaThread "Service Thread" daemon [_thread_blocked, id=20995, stack(0x00007000012d0000,0x00007000013d0000)]
  0x00007fcbd602c800 JavaThread "C1 CompilerThread3" daemon [_thread_blocked, id=20483, stack(0x00007000011cd000,0x00007000012cd000)]
  0x00007fcbd3009000 JavaThread "C2 CompilerThread2" daemon [_thread_in_native, id=19971, stack(0x00007000010ca000,0x00007000011ca000)]
  0x00007fcbd6023800 JavaThread "C2 CompilerThread1" daemon [_thread_in_native, id=19459, stack(0x0000700000fc7000,0x00007000010c7000)]
  0x00007fcbd3815800 JavaThread "C2 CompilerThread0" daemon [_thread_in_native, id=18947, stack(0x0000700000ec4000,0x0000700000fc4000)]
  0x00007fcbd3811800 JavaThread "Signal Dispatcher" daemon [_thread_blocked, id=15887, stack(0x0000700000dc1000,0x0000700000ec1000)]
  0x00007fcbd282c000 JavaThread "Finalizer" daemon [_thread_blocked, id=14339, stack(0x0000700000c3b000,0x0000700000d3b000)]
  0x00007fcbd2808000 JavaThread "Reference Handler" daemon [_thread_blocked, id=13827, stack(0x0000700000b38000,0x0000700000c38000)]
  0x00007fcbd3803000 JavaThread "main" [_thread_blocked, id=5891, stack(0x000070000011a000,0x000070000021a000)]

Other Threads:
  0x00007fcbd4805000 VMThread [stack: 0x0000700000a35000,0x0000700000b35000] [id=13315]
  0x00007fcbd500b000 WatcherThread [stack: 0x00007000013d3000,0x00007000014d3000] [id=21507]

VM state:not at safepoint (normal execution)

VM Mutex/Monitor currently owned by a thread: None

Heap:
 PSYoungGen      total 276992K, used 208800K [0x00000007aab00000, 0x00000007bfe00000, 0x00000007c0000000)
  eden space 207360K, 94% used [0x00000007aab00000,0x00000007b6a40f50,0x00000007b7580000)
  from space 69632K, 18% used [0x00000007b7580000,0x00000007b8227480,0x00000007bb980000)
  to   space 68096K, 0% used [0x00000007bbb80000,0x00000007bbb80000,0x00000007bfe00000)
 ParOldGen       total 534016K, used 346796K [0x0000000780000000, 0x00000007a0980000, 0x00000007aab00000)
  object space 534016K, 64% used [0x0000000780000000,0x00000007952ab328,0x00000007a0980000)
 Metaspace       used 121108K, capacity 125724K, committed 126284K, reserved 1159168K
  class space    used 15636K, capacity 16633K, committed 16756K, reserved 1048576K

Card table byte_map: [0x0000000111b29000,0x0000000111d2a000] byte_map_base: 0x000000010df29000

Marking Bits: (ParMarkBitMap*) 0x00000001020c27a0
 Begin Bits: [0x0000000111e80000, 0x0000000112e80000)
 End Bits:   [0x0000000112e80000, 0x0000000113e80000)

Polling page: 0x000000010074f000

CodeCache: size=245760Kb used=74503Kb max_used=77179Kb free=171256Kb
 bounds [0x0000000102769000, 0x0000000107349000, 0x0000000111769000]
 total_blobs=21422 nmethods=20563 adapters=768
 compilation: enabled

Compilation events (10 events):
Event: 288.520 Thread 0x00007fcbd602c800 26567       2       java.lang.ProcessEnvironment$StringEntrySet$1::hasNext (10 bytes)
Event: 288.520 Thread 0x00007fcbd602c800 nmethod 26567 0x0000000106716f90 code [0x0000000106717100, 0x0000000106717288]
Event: 288.520 Thread 0x00007fcbd602c800 26569       2       java.lang.ProcessEnvironment$StringEntry::getKey (5 bytes)
Event: 288.520 Thread 0x00007fcbd602c800 nmethod 26569 0x0000000105cbadd0 code [0x0000000105cbaf40, 0x0000000105cbb108]
Event: 288.520 Thread 0x00007fcbd602c800 26570       2       java.lang.ProcessEnvironment$StringEntrySet$1::next (20 bytes)
Event: 288.520 Thread 0x00007fcbd602c800 nmethod 26570 0x000000010376de90 code [0x000000010376e000, 0x000000010376e248]
Event: 288.520 Thread 0x00007fcbd602c800 26568       2       java.lang.ProcessEnvironment$StringEntry::getKey (16 bytes)
Event: 288.521 Thread 0x00007fcbd602c800 nmethod 26568 0x0000000106996ad0 code [0x0000000106996c40, 0x0000000106996e08]
Event: 288.521 Thread 0x00007fcbd602c800 26571       2       java.lang.ProcessEnvironment$StringEntry::<init> (10 bytes)
Event: 288.521 Thread 0x00007fcbd602c800 nmethod 26571 0x0000000106c04910 code [0x0000000106c04a60, 0x0000000106c04bd0]

GC Heap History (10 events):
Event: 279.766 GC heap before
{Heap before GC invocations=43 (full 5):
 PSYoungGen      total 268800K, used 247873K [0x00000007aab00000, 0x00000007c0000000, 0x00000007c0000000)
  eden space 198144K, 100% used [0x00000007aab00000,0x00000007b6c80000,0x00000007b6c80000)
  from space 70656K, 70% used [0x00000007b6c80000,0x00000007b9d10780,0x00000007bb180000)
  to   space 74752K, 0% used [0x00000007bb700000,0x00000007bb700000,0x00000007c0000000)
 ParOldGen       total 364544K, used 246360K [0x0000000780000000, 0x0000000796400000, 0x00000007aab00000)
  object space 364544K, 67% used [0x0000000780000000,0x000000078f096320,0x0000000796400000)
 Metaspace       used 117130K, capacity 121772K, committed 121932K, reserved 1155072K
  class space    used 14970K, capacity 15966K, committed 15988K, reserved 1048576K
Event: 279.835 GC heap after
Heap after GC invocations=43 (full 5):
 PSYoungGen      total 274432K, used 26398K [0x00000007aab00000, 0x00000007bfc00000, 0x00000007c0000000)
  eden space 203776K, 0% used [0x00000007aab00000,0x00000007aab00000,0x00000007b7200000)
  from space 70656K, 37% used [0x00000007bb700000,0x00000007bd0c7ad8,0x00000007bfc00000)
  to   space 70656K, 0% used [0x00000007b7200000,0x00000007b7200000,0x00000007bb700000)
 ParOldGen       total 364544K, used 291267K [0x0000000780000000, 0x0000000796400000, 0x00000007aab00000)
  object space 364544K, 79% used [0x0000000780000000,0x0000000791c70db8,0x0000000796400000)
 Metaspace       used 117130K, capacity 121772K, committed 121932K, reserved 1155072K
  class space    used 14970K, capacity 15966K, committed 15988K, reserved 1048576K
}
Event: 280.659 GC heap before
{Heap before GC invocations=44 (full 5):
 PSYoungGen      total 274432K, used 230174K [0x00000007aab00000, 0x00000007bfc00000, 0x00000007c0000000)
  eden space 203776K, 100% used [0x00000007aab00000,0x00000007b7200000,0x00000007b7200000)
  from space 70656K, 37% used [0x00000007bb700000,0x00000007bd0c7ad8,0x00000007bfc00000)
  to   space 70656K, 0% used [0x00000007b7200000,0x00000007b7200000,0x00000007bb700000)
 ParOldGen       total 364544K, used 291267K [0x0000000780000000, 0x0000000796400000, 0x00000007aab00000)
  object space 364544K, 79% used [0x0000000780000000,0x0000000791c70db8,0x0000000796400000)
 Metaspace       used 117322K, capacity 121964K, committed 122188K, reserved 1155072K
  class space    used 14970K, capacity 15966K, committed 15988K, reserved 1048576K
Event: 280.692 GC heap after
Heap after GC invocations=44 (full 5):
 PSYoungGen      total 274432K, used 41064K [0x00000007aab00000, 0x00000007c0000000, 0x00000007c0000000)
  eden space 203776K, 0% used [0x00000007aab00000,0x00000007aab00000,0x00000007b7200000)
  from space 70656K, 58% used [0x00000007b7200000,0x00000007b9a1a3c8,0x00000007bb700000)
  to   space 71168K, 0% used [0x00000007bba80000,0x00000007bba80000,0x00000007c0000000)
 ParOldGen       total 364544K, used 313382K [0x0000000780000000, 0x0000000796400000, 0x00000007aab00000)
  object space 364544K, 85% used [0x0000000780000000,0x0000000793209ac0,0x0000000796400000)
 Metaspace       used 117322K, capacity 121964K, committed 122188K, reserved 1155072K
  class space    used 14970K, capacity 15966K, committed 15988K, reserved 1048576K
}
Event: 285.511 GC heap before
{Heap before GC invocations=45 (full 5):
 PSYoungGen      total 274432K, used 244840K [0x00000007aab00000, 0x00000007c0000000, 0x00000007c0000000)
  eden space 203776K, 100% used [0x00000007aab00000,0x00000007b7200000,0x00000007b7200000)
  from space 70656K, 58% used [0x00000007b7200000,0x00000007b9a1a3c8,0x00000007bb700000)
  to   space 71168K, 0% used [0x00000007bba80000,0x00000007bba80000,0x00000007c0000000)
 ParOldGen       total 364544K, used 313382K [0x0000000780000000, 0x0000000796400000, 0x00000007aab00000)
  object space 364544K, 85% used [0x0000000780000000,0x0000000793209ac0,0x0000000796400000)
 Metaspace       used 117955K, capacity 122676K, committed 122828K, reserved 1157120K
  class space    used 15050K, capacity 16062K, committed 16116K, reserved 1048576K
Event: 285.571 GC heap after
Heap after GC invocations=45 (full 5):
 PSYoungGen      total 275968K, used 15645K [0x00000007aab00000, 0x00000007bfd80000, 0x00000007c0000000)
  eden space 207360K, 0% used [0x00000007aab00000,0x00000007aab00000,0x00000007b7580000)
  from space 68608K, 22% used [0x00000007bba80000,0x00000007bc9c7778,0x00000007bfd80000)
  to   space 69632K, 0% used [0x00000007b7580000,0x00000007b7580000,0x00000007bb980000)
 ParOldGen       total 364544K, used 353292K [0x0000000780000000, 0x0000000796400000, 0x00000007aab00000)
  object space 364544K, 96% used [0x0000000780000000,0x0000000795903270,0x0000000796400000)
 Metaspace       used 117955K, capacity 122676K, committed 122828K, reserved 1157120K
  class space    used 15050K, capacity 16062K, committed 16116K, reserved 1048576K
}
Event: 285.571 GC heap before
{Heap before GC invocations=46 (full 6):
 PSYoungGen      total 275968K, used 15645K [0x00000007aab00000, 0x00000007bfd80000, 0x00000007c0000000)
  eden space 207360K, 0% used [0x00000007aab00000,0x00000007aab00000,0x00000007b7580000)
  from space 68608K, 22% used [0x00000007bba80000,0x00000007bc9c7778,0x00000007bfd80000)
  to   space 69632K, 0% used [0x00000007b7580000,0x00000007b7580000,0x00000007bb980000)
 ParOldGen       total 364544K, used 353292K [0x0000000780000000, 0x0000000796400000, 0x00000007aab00000)
  object space 364544K, 96% used [0x0000000780000000,0x0000000795903270,0x0000000796400000)
 Metaspace       used 117955K, capacity 122676K, committed 122828K, reserved 1157120K
  class space    used 15050K, capacity 16062K, committed 16116K, reserved 1048576K
Event: 286.138 GC heap after
Heap after GC invocations=46 (full 6):
 PSYoungGen      total 275968K, used 0K [0x00000007aab00000, 0x00000007bfd80000, 0x00000007c0000000)
  eden space 207360K, 0% used [0x00000007aab00000,0x00000007aab00000,0x00000007b7580000)
  from space 68608K, 0% used [0x00000007bba80000,0x00000007bba80000,0x00000007bfd80000)
  to   space 69632K, 0% used [0x00000007b7580000,0x00000007b7580000,0x00000007bb980000)
 ParOldGen       total 534016K, used 346740K [0x0000000780000000, 0x00000007a0980000, 0x00000007aab00000)
  object space 534016K, 64% used [0x0000000780000000,0x000000079529d1b8,0x00000007a0980000)
 Metaspace       used 117793K, capacity 122246K, committed 122828K, reserved 1157120K
  class space    used 14994K, capacity 15965K, committed 16116K, reserved 1048576K
}
Event: 286.654 GC heap before
{Heap before GC invocations=47 (full 6):
 PSYoungGen      total 275968K, used 207360K [0x00000007aab00000, 0x00000007bfd80000, 0x00000007c0000000)
  eden space 207360K, 100% used [0x00000007aab00000,0x00000007b7580000,0x00000007b7580000)
  from space 68608K, 0% used [0x00000007bba80000,0x00000007bba80000,0x00000007bfd80000)
  to   space 69632K, 0% used [0x00000007b7580000,0x00000007b7580000,0x00000007bb980000)
 ParOldGen       total 534016K, used 346788K [0x0000000780000000, 0x00000007a0980000, 0x00000007aab00000)
  object space 534016K, 64% used [0x0000000780000000,0x00000007952a9328,0x00000007a0980000)
 Metaspace       used 120126K, capacity 124716K, committed 125260K, reserved 1159168K
  class space    used 15414K, capacity 16383K, committed 16500K, reserved 1048576K
Event: 286.663 GC heap after
Heap after GC invocations=47 (full 6):
 PSYoungGen      total 276992K, used 12957K [0x00000007aab00000, 0x00000007bfe00000, 0x00000007c0000000)
  eden space 207360K, 0% used [0x00000007aab00000,0x00000007aab00000,0x00000007b7580000)
  from space 69632K, 18% used [0x00000007b7580000,0x00000007b8227480,0x00000007bb980000)
  to   space 68096K, 0% used [0x00000007bbb80000,0x00000007bbb80000,0x00000007bfe00000)
 ParOldGen       total 534016K, used 346796K [0x0000000780000000, 0x00000007a0980000, 0x00000007aab00000)
  object space 534016K, 64% used [0x0000000780000000,0x00000007952ab328,0x00000007a0980000)
 Metaspace       used 120126K, capacity 124716K, committed 125260K, reserved 1159168K
  class space    used 15414K, capacity 16383K, committed 16500K, reserved 1048576K
}

Deoptimization events (10 events):
Event: 288.486 Thread 0x00007fcbd9ba2000 Uncommon trap: reason=class_check action=maybe_recompile pc=0x000000010522ca84 method=com.google.common.collect.Iterables.castOrCopyToCollection(Ljava/lang/Iterable;)Ljava/util/Collection; @ 8
Event: 288.486 Thread 0x00007fcbda30f800 Uncommon trap: reason=class_check action=maybe_recompile pc=0x000000010522ca84 method=com.google.common.collect.Iterables.castOrCopyToCollection(Ljava/lang/Iterable;)Ljava/util/Collection; @ 8
Event: 288.486 Thread 0x00007fcbd2cad800 Uncommon trap: reason=class_check action=maybe_recompile pc=0x000000010522ca84 method=com.google.common.collect.Iterables.castOrCopyToCollection(Ljava/lang/Iterable;)Ljava/util/Collection; @ 8
Event: 288.486 Thread 0x00007fcbd2ca1000 Uncommon trap: reason=class_check action=maybe_recompile pc=0x000000010522ca84 method=com.google.common.collect.Iterables.castOrCopyToCollection(Ljava/lang/Iterable;)Ljava/util/Collection; @ 8
Event: 288.486 Thread 0x00007fcbd5f5a000 Uncommon trap: reason=bimorphic action=maybe_recompile pc=0x00000001063f62ac method=com.google.common.collect.RegularImmutableMap.fromEntryArray(I[Ljava/util/Map$Entry;)Lcom/google/common/collect/RegularImmutableMap; @ 70
Event: 288.486 Thread 0x00007fcbda30f800 Uncommon trap: reason=bimorphic action=maybe_recompile pc=0x00000001063f62ac method=com.google.common.collect.RegularImmutableMap.fromEntryArray(I[Ljava/util/Map$Entry;)Lcom/google/common/collect/RegularImmutableMap; @ 70
Event: 288.486 Thread 0x00007fcbd2cad800 Uncommon trap: reason=bimorphic action=maybe_recompile pc=0x00000001063f62ac method=com.google.common.collect.RegularImmutableMap.fromEntryArray(I[Ljava/util/Map$Entry;)Lcom/google/common/collect/RegularImmutableMap; @ 70
Event: 288.486 Thread 0x00007fcbd7f27800 Uncommon trap: reason=bimorphic action=maybe_recompile pc=0x00000001063f62ac method=com.google.common.collect.RegularImmutableMap.fromEntryArray(I[Ljava/util/Map$Entry;)Lcom/google/common/collect/RegularImmutableMap; @ 70
Event: 288.486 Thread 0x00007fcbd2ca1000 Uncommon trap: reason=bimorphic action=maybe_recompile pc=0x00000001063f62ac method=com.google.common.collect.RegularImmutableMap.fromEntryArray(I[Ljava/util/Map$Entry;)Lcom/google/common/collect/RegularImmutableMap; @ 70
Event: 288.486 Thread 0x00007fcbd9ba2000 Uncommon trap: reason=bimorphic action=maybe_recompile pc=0x00000001063f62ac method=com.google.common.collect.RegularImmutableMap.fromEntryArray(I[Ljava/util/Map$Entry;)Lcom/google/common/collect/RegularImmutableMap; @ 70

Internal exceptions (10 events):
Event: 288.478 Thread 0x00007fcbd8fbd000 Exception <a 'sun/nio/fs/UnixException'> (0x00000007b61c3228) thrown at [/Users/java_re/workspace/8-2-build-macosx-x86_64/jdk8u45/3457/hotspot/src/share/vm/prims/jni.cpp, line 709]
Event: 288.478 Thread 0x00007fcbd7f27800 Exception <a 'sun/nio/fs/UnixException'> (0x00000007b4b301c0) thrown at [/Users/java_re/workspace/8-2-build-macosx-x86_64/jdk8u45/3457/hotspot/src/share/vm/prims/jni.cpp, line 709]
Event: 288.478 Thread 0x00007fcbd8fbd000 Exception <a 'sun/nio/fs/UnixException'> (0x00000007b61c44b8) thrown at [/Users/java_re/workspace/8-2-build-macosx-x86_64/jdk8u45/3457/hotspot/src/share/vm/prims/jni.cpp, line 709]
Event: 288.478 Thread 0x00007fcbd7f27800 Exception <a 'sun/nio/fs/UnixException'> (0x00000007b4b30910) thrown at [/Users/java_re/workspace/8-2-build-macosx-x86_64/jdk8u45/3457/hotspot/src/share/vm/prims/jni.cpp, line 709]
Event: 288.478 Thread 0x00007fcbd8fbd000 Exception <a 'sun/nio/fs/UnixException'> (0x00000007b61c5748) thrown at [/Users/java_re/workspace/8-2-build-macosx-x86_64/jdk8u45/3457/hotspot/src/share/vm/prims/jni.cpp, line 709]
Event: 288.478 Thread 0x00007fcbd7f27800 Exception <a 'sun/nio/fs/UnixException'> (0x00000007b4b31060) thrown at [/Users/java_re/workspace/8-2-build-macosx-x86_64/jdk8u45/3457/hotspot/src/share/vm/prims/jni.cpp, line 709]
Event: 288.478 Thread 0x00007fcbd8fbd000 Exception <a 'sun/nio/fs/UnixException'> (0x00000007b61c69d8) thrown at [/Users/java_re/workspace/8-2-build-macosx-x86_64/jdk8u45/3457/hotspot/src/share/vm/prims/jni.cpp, line 709]
Event: 288.478 Thread 0x00007fcbd7f27800 Exception <a 'sun/nio/fs/UnixException'> (0x00000007b4b317b0) thrown at [/Users/java_re/workspace/8-2-build-macosx-x86_64/jdk8u45/3457/hotspot/src/share/vm/prims/jni.cpp, line 709]
Event: 288.478 Thread 0x00007fcbd8fbd000 Exception <a 'sun/nio/fs/UnixException'> (0x00000007b61c7c68) thrown at [/Users/java_re/workspace/8-2-build-macosx-x86_64/jdk8u45/3457/hotspot/src/share/vm/prims/jni.cpp, line 709]
Event: 288.478 Thread 0x00007fcbd7f27800 Exception <a 'sun/nio/fs/UnixException'> (0x00000007b4b31f00) thrown at [/Users/java_re/workspace/8-2-build-macosx-x86_64/jdk8u45/3457/hotspot/src/share/vm/prims/jni.cpp, line 709]

Events (10 events):
Event: 288.517 loading class org/gradle/process/internal/streams/SafeStreams$2
Event: 288.517 loading class org/gradle/process/internal/streams/SafeStreams$2 done
Event: 288.518 loading class org/gradle/process/JavaExecSpec
Event: 288.518 loading class org/gradle/process/JavaExecSpec done
Event: 288.519 loading class org/gradle/process/internal/streams/StreamsForwarder
Event: 288.519 loading class org/gradle/process/internal/streams/StreamsForwarder done
Event: 288.520 loading class org/gradle/process/internal/DefaultExecHandle
Event: 288.520 loading class org/gradle/process/internal/DefaultExecHandle done
Event: 288.521 loading class org/gradle/process/internal/ProcessSettings
Event: 288.521 loading class org/gradle/process/internal/ProcessSettings done


Dynamic libraries:
0x0000000001dda000 	/System/Library/Frameworks/Cocoa.framework/Versions/A/Cocoa
0x0000000001dda000 	/System/Library/Frameworks/Security.framework/Versions/A/Security
0x0000000001dda000 	/System/Library/Frameworks/ApplicationServices.framework/Versions/A/ApplicationServices
0x0000000001dda000 	/usr/lib/libz.1.dylib
0x0000000001dda000 	/usr/lib/libSystem.B.dylib
0x0000000001dda000 	/usr/lib/libobjc.A.dylib
0x0000000001dda000 	/System/Library/Frameworks/CoreFoundation.framework/Versions/A/CoreFoundation
0x0000000001dda000 	/System/Library/Frameworks/Foundation.framework/Versions/C/Foundation
0x0000000001dda000 	/System/Library/Frameworks/AppKit.framework/Versions/C/AppKit
0x0000000001dda000 	/System/Library/Frameworks/CoreData.framework/Versions/A/CoreData
0x0000000001dda000 	/System/Library/PrivateFrameworks/RemoteViewServices.framework/Versions/A/RemoteViewServices
0x0000000001dda000 	/System/Library/PrivateFrameworks/UIFoundation.framework/Versions/A/UIFoundation
0x0000000001dda000 	/usr/lib/libScreenReader.dylib
0x0000000001dda000 	/System/Library/Frameworks/Accelerate.framework/Versions/A/Accelerate
0x0000000001dda000 	/System/Library/Frameworks/IOSurface.framework/Versions/A/IOSurface
0x0000000001dda000 	/System/Library/Frameworks/AudioToolbox.framework/Versions/A/AudioToolbox
0x0000000001dda000 	/System/Library/Frameworks/AudioUnit.framework/Versions/A/AudioUnit
0x0000000001dda000 	/System/Library/PrivateFrameworks/DataDetectorsCore.framework/Versions/A/DataDetectorsCore
0x0000000001dda000 	/System/Library/PrivateFrameworks/DesktopServicesPriv.framework/Versions/A/DesktopServicesPriv
0x0000000001dda000 	/System/Library/Frameworks/Carbon.framework/Versions/A/Frameworks/HIToolbox.framework/Versions/A/HIToolbox
0x0000000001dda000 	/System/Library/Frameworks/QuartzCore.framework/Versions/A/QuartzCore
0x0000000001dda000 	/System/Library/Frameworks/Carbon.framework/Versions/A/Frameworks/SpeechRecognition.framework/Versions/A/SpeechRecognition
0x0000000001dda000 	/usr/lib/libauto.dylib
0x0000000001dda000 	/usr/lib/libicucore.A.dylib
0x0000000001dda000 	/usr/lib/libxml2.2.dylib
0x0000000001dda000 	/System/Library/PrivateFrameworks/CoreUI.framework/Versions/A/CoreUI
0x0000000001dda000 	/System/Library/Frameworks/CoreAudio.framework/Versions/A/CoreAudio
0x0000000001dda000 	/System/Library/Frameworks/DiskArbitration.framework/Versions/A/DiskArbitration
0x0000000001dda000 	/usr/lib/liblangid.dylib
0x0000000001dda000 	/System/Library/PrivateFrameworks/MultitouchSupport.framework/Versions/A/MultitouchSupport
0x0000000001dda000 	/System/Library/Frameworks/IOKit.framework/Versions/A/IOKit
0x0000000001dda000 	/usr/lib/libDiagnosticMessagesClient.dylib
0x0000000001dda000 	/System/Library/Frameworks/CoreServices.framework/Versions/A/CoreServices
0x0000000001dda000 	/System/Library/PrivateFrameworks/PerformanceAnalysis.framework/Versions/A/PerformanceAnalysis
0x0000000001dda000 	/System/Library/PrivateFrameworks/GenerationalStorage.framework/Versions/A/GenerationalStorage
0x0000000001dda000 	/System/Library/Frameworks/OpenGL.framework/Versions/A/OpenGL
0x0000000001dda000 	/System/Library/PrivateFrameworks/Sharing.framework/Versions/A/Sharing
0x0000000001dda000 	/System/Library/Frameworks/CoreGraphics.framework/Versions/A/CoreGraphics
0x0000000001dda000 	/System/Library/Frameworks/CoreImage.framework/Versions/A/CoreImage
0x0000000001dda000 	/System/Library/Frameworks/CoreText.framework/Versions/A/CoreText
0x0000000001dda000 	/System/Library/Frameworks/ImageIO.framework/Versions/A/ImageIO
0x0000000001dda000 	/System/Library/PrivateFrameworks/Backup.framework/Versions/A/Backup
0x0000000001dda000 	/usr/lib/libextension.dylib
0x0000000001dda000 	/usr/lib/libarchive.2.dylib
0x0000000001dda000 	/System/Library/Frameworks/CFNetwork.framework/Versions/A/CFNetwork
0x0000000001dda000 	/System/Library/Frameworks/SystemConfiguration.framework/Versions/A/SystemConfiguration
0x0000000001dda000 	/usr/lib/libCRFSuite.dylib
0x0000000001dda000 	/usr/lib/libc++.1.dylib
0x0000000001dda000 	/usr/lib/libc++abi.dylib
0x0000000001dda000 	/usr/lib/system/libcache.dylib
0x0000000001dda000 	/usr/lib/system/libcommonCrypto.dylib
0x0000000001dda000 	/usr/lib/system/libcompiler_rt.dylib
0x0000000001dda000 	/usr/lib/system/libcopyfile.dylib
0x0000000001dda000 	/usr/lib/system/libcorecrypto.dylib
0x0000000001dda000 	/usr/lib/system/libdispatch.dylib
0x0000000001dda000 	/usr/lib/system/libdyld.dylib
0x0000000001dda000 	/usr/lib/system/libkeymgr.dylib
0x0000000001dda000 	/usr/lib/system/liblaunch.dylib
0x0000000001dda000 	/usr/lib/system/libmacho.dylib
0x0000000001dda000 	/usr/lib/system/libquarantine.dylib
0x0000000001dda000 	/usr/lib/system/libremovefile.dylib
0x0000000001dda000 	/usr/lib/system/libsystem_asl.dylib
0x0000000001dda000 	/usr/lib/system/libsystem_blocks.dylib
0x0000000001dda000 	/usr/lib/system/libsystem_c.dylib
0x0000000001dda000 	/usr/lib/system/libsystem_configuration.dylib
0x0000000001dda000 	/usr/lib/system/libsystem_coreservices.dylib
0x0000000001dda000 	/usr/lib/system/libsystem_coretls.dylib
0x0000000001dda000 	/usr/lib/system/libsystem_dnssd.dylib
0x0000000001dda000 	/usr/lib/system/libsystem_info.dylib
0x0000000001dda000 	/usr/lib/system/libsystem_kernel.dylib
0x0000000001dda000 	/usr/lib/system/libsystem_m.dylib
0x0000000001dda000 	/usr/lib/system/libsystem_malloc.dylib
0x0000000001dda000 	/usr/lib/system/libsystem_network.dylib
0x0000000001dda000 	/usr/lib/system/libsystem_networkextension.dylib
0x0000000001dda000 	/usr/lib/system/libsystem_notify.dylib
0x0000000001dda000 	/usr/lib/system/libsystem_platform.dylib
0x0000000001dda000 	/usr/lib/system/libsystem_pthread.dylib
0x0000000001dda000 	/usr/lib/system/libsystem_sandbox.dylib
0x0000000001dda000 	/usr/lib/system/libsystem_secinit.dylib
0x0000000001dda000 	/usr/lib/system/libsystem_trace.dylib
0x0000000001dda000 	/usr/lib/system/libunc.dylib
0x0000000001dda000 	/usr/lib/system/libunwind.dylib
0x0000000001dda000 	/usr/lib/system/libxpc.dylib
0x0000000001dda000 	/usr/lib/libenergytrace.dylib
0x0000000001dda000 	/usr/lib/libbsm.0.dylib
0x0000000001dda000 	/usr/lib/system/libkxld.dylib
0x0000000001dda000 	/usr/lib/libxar.1.dylib
0x0000000001dda000 	/usr/lib/libsqlite3.dylib
0x0000000001dda000 	/usr/lib/libpam.2.dylib
0x0000000001dda000 	/usr/lib/libOpenScriptingUtil.dylib
0x0000000001dda000 	/usr/lib/libbz2.1.0.dylib
0x0000000001dda000 	/usr/lib/liblzma.5.dylib
0x0000000001dda000 	/System/Library/Frameworks/CoreServices.framework/Versions/A/Frameworks/FSEvents.framework/Versions/A/FSEvents
0x0000000001dda000 	/System/Library/Frameworks/CoreServices.framework/Versions/A/Frameworks/CarbonCore.framework/Versions/A/CarbonCore
0x0000000001dda000 	/System/Library/Frameworks/CoreServices.framework/Versions/A/Frameworks/Metadata.framework/Versions/A/Metadata
0x0000000001dda000 	/System/Library/Frameworks/CoreServices.framework/Versions/A/Frameworks/OSServices.framework/Versions/A/OSServices
0x0000000001dda000 	/System/Library/Frameworks/CoreServices.framework/Versions/A/Frameworks/SearchKit.framework/Versions/A/SearchKit
0x0000000001dda000 	/System/Library/Frameworks/CoreServices.framework/Versions/A/Frameworks/AE.framework/Versions/A/AE
0x0000000001dda000 	/System/Library/Frameworks/CoreServices.framework/Versions/A/Frameworks/LaunchServices.framework/Versions/A/LaunchServices
0x0000000001dda000 	/System/Library/Frameworks/CoreServices.framework/Versions/A/Frameworks/DictionaryServices.framework/Versions/A/DictionaryServices
0x0000000001dda000 	/System/Library/Frameworks/CoreServices.framework/Versions/A/Frameworks/SharedFileList.framework/Versions/A/SharedFileList
0x0000000001dda000 	/System/Library/Frameworks/NetFS.framework/Versions/A/NetFS
0x0000000001dda000 	/System/Library/PrivateFrameworks/NetAuth.framework/Versions/A/NetAuth
0x0000000001dda000 	/System/Library/PrivateFrameworks/login.framework/Versions/A/Frameworks/loginsupport.framework/Versions/A/loginsupport
0x0000000001dda000 	/System/Library/PrivateFrameworks/TCC.framework/Versions/A/TCC
0x0000000001dda000 	/usr/lib/libmecabra.dylib
0x0000000001dda000 	/System/Library/Frameworks/ApplicationServices.framework/Versions/A/Frameworks/ATS.framework/Versions/A/ATS
0x0000000001dda000 	/System/Library/Frameworks/ApplicationServices.framework/Versions/A/Frameworks/ColorSync.framework/Versions/A/ColorSync
0x0000000001dda000 	/System/Library/Frameworks/ApplicationServices.framework/Versions/A/Frameworks/HIServices.framework/Versions/A/HIServices
0x0000000001dda000 	/System/Library/Frameworks/ApplicationServices.framework/Versions/A/Frameworks/LangAnalysis.framework/Versions/A/LangAnalysis
0x0000000001dda000 	/System/Library/Frameworks/ApplicationServices.framework/Versions/A/Frameworks/PrintCore.framework/Versions/A/PrintCore
0x0000000001dda000 	/System/Library/Frameworks/ApplicationServices.framework/Versions/A/Frameworks/QD.framework/Versions/A/QD
0x0000000001dda000 	/System/Library/Frameworks/ApplicationServices.framework/Versions/A/Frameworks/SpeechSynthesis.framework/Versions/A/SpeechSynthesis
0x0000000001dda000 	/System/Library/Frameworks/Metal.framework/Versions/A/Metal
0x0000000001dda000 	/System/Library/Frameworks/Accelerate.framework/Versions/A/Frameworks/vImage.framework/Versions/A/vImage
0x0000000001dda000 	/System/Library/Frameworks/Accelerate.framework/Versions/A/Frameworks/vecLib.framework/Versions/A/vecLib
0x0000000001dda000 	/System/Library/Frameworks/Accelerate.framework/Versions/A/Frameworks/vecLib.framework/Versions/A/libvDSP.dylib
0x0000000001dda000 	/System/Library/Frameworks/Accelerate.framework/Versions/A/Frameworks/vecLib.framework/Versions/A/libvMisc.dylib
0x0000000001dda000 	/System/Library/Frameworks/Accelerate.framework/Versions/A/Frameworks/vecLib.framework/Versions/A/libLAPACK.dylib
0x0000000001dda000 	/System/Library/Frameworks/Accelerate.framework/Versions/A/Frameworks/vecLib.framework/Versions/A/libBLAS.dylib
0x0000000001dda000 	/System/Library/Frameworks/Accelerate.framework/Versions/A/Frameworks/vecLib.framework/Versions/A/libLinearAlgebra.dylib
0x0000000001dda000 	/System/Library/Frameworks/Accelerate.framework/Versions/A/Frameworks/vecLib.framework/Versions/A/libSparseBLAS.dylib
0x0000000001dda000 	/System/Library/PrivateFrameworks/GPUCompiler.framework/libmetal_timestamp.dylib
0x0000000001dda000 	/System/Library/Frameworks/OpenGL.framework/Versions/A/Libraries/libCoreFSCache.dylib
0x0000000001dda000 	/System/Library/PrivateFrameworks/IOAccelerator.framework/Versions/A/IOAccelerator
0x0000000001dda000 	/System/Library/Frameworks/ApplicationServices.framework/Versions/A/Frameworks/ATS.framework/Versions/A/Resources/libFontParser.dylib
0x0000000001dda000 	/System/Library/Frameworks/ApplicationServices.framework/Versions/A/Frameworks/ATS.framework/Versions/A/Resources/libFontRegistry.dylib
0x0000000001dda000 	/System/Library/PrivateFrameworks/AppleVPA.framework/Versions/A/AppleVPA
0x0000000001dda000 	/System/Library/PrivateFrameworks/AppleJPEG.framework/Versions/A/AppleJPEG
0x0000000001dda000 	/System/Library/Frameworks/ImageIO.framework/Versions/A/Resources/libJPEG.dylib
0x0000000001dda000 	/System/Library/Frameworks/ImageIO.framework/Versions/A/Resources/libTIFF.dylib
0x0000000001dda000 	/System/Library/Frameworks/ImageIO.framework/Versions/A/Resources/libPng.dylib
0x0000000001dda000 	/System/Library/Frameworks/ImageIO.framework/Versions/A/Resources/libGIF.dylib
0x0000000001dda000 	/System/Library/Frameworks/ImageIO.framework/Versions/A/Resources/libJP2.dylib
0x0000000001dda000 	/System/Library/Frameworks/ImageIO.framework/Versions/A/Resources/libRadiance.dylib
0x0000000001dda000 	/System/Library/Frameworks/CoreVideo.framework/Versions/A/CoreVideo
0x0000000001dda000 	/System/Library/Frameworks/OpenGL.framework/Versions/A/Libraries/libGLU.dylib
0x0000000001dda000 	/System/Library/Frameworks/OpenGL.framework/Versions/A/Libraries/libGFXShared.dylib
0x0000000001dda000 	/System/Library/Frameworks/OpenGL.framework/Versions/A/Libraries/libGL.dylib
0x0000000001dda000 	/System/Library/Frameworks/OpenGL.framework/Versions/A/Libraries/libGLImage.dylib
0x0000000001dda000 	/System/Library/Frameworks/OpenGL.framework/Versions/A/Libraries/libCVMSPluginSupport.dylib
0x0000000001dda000 	/System/Library/Frameworks/OpenGL.framework/Versions/A/Libraries/libCoreVMClient.dylib
0x0000000001dda000 	/usr/lib/libcompression.dylib
0x0000000001dda000 	/usr/lib/libcups.2.dylib
0x0000000001dda000 	/System/Library/Frameworks/Kerberos.framework/Versions/A/Kerberos
0x0000000001dda000 	/System/Library/Frameworks/GSS.framework/Versions/A/GSS
0x0000000001dda000 	/usr/lib/libresolv.9.dylib
0x0000000001dda000 	/usr/lib/libiconv.2.dylib
0x0000000001dda000 	/System/Library/PrivateFrameworks/Heimdal.framework/Versions/A/Heimdal
0x0000000001dda000 	/usr/lib/libheimdal-asn1.dylib
0x0000000001dda000 	/System/Library/Frameworks/OpenDirectory.framework/Versions/A/OpenDirectory
0x0000000001dda000 	/System/Library/PrivateFrameworks/CommonAuth.framework/Versions/A/CommonAuth
0x0000000001dda000 	/System/Library/Frameworks/OpenDirectory.framework/Versions/A/Frameworks/CFOpenDirectory.framework/Versions/A/CFOpenDirectory
0x0000000001dda000 	/System/Library/Frameworks/SecurityFoundation.framework/Versions/A/SecurityFoundation
0x0000000001dda000 	/System/Library/PrivateFrameworks/LanguageModeling.framework/Versions/A/LanguageModeling
0x0000000001dda000 	/usr/lib/libmarisa.dylib
0x0000000001dda000 	/usr/lib/libChineseTokenizer.dylib
0x0000000001dda000 	/usr/lib/libcmph.dylib
0x0000000001dda000 	/System/Library/Frameworks/ServiceManagement.framework/Versions/A/ServiceManagement
0x0000000001dda000 	/usr/lib/libxslt.1.dylib
0x0000000001dda000 	/System/Library/Frameworks/Carbon.framework/Versions/A/Frameworks/Ink.framework/Versions/A/Ink
0x0000000001dda000 	/usr/lib/libFosl_dynamic.dylib
0x0000000001dda000 	/System/Library/PrivateFrameworks/FaceCore.framework/Versions/A/FaceCore
0x0000000001dda000 	/System/Library/Frameworks/OpenCL.framework/Versions/A/OpenCL
0x0000000001dda000 	/System/Library/PrivateFrameworks/CrashReporterSupport.framework/Versions/A/CrashReporterSupport
0x0000000001dda000 	/System/Library/PrivateFrameworks/IconServices.framework/Versions/A/IconServices
0x0000000001dda000 	/System/Library/PrivateFrameworks/Apple80211.framework/Versions/A/Apple80211
0x0000000001dda000 	/System/Library/Frameworks/CoreWLAN.framework/Versions/A/CoreWLAN
0x0000000001dda000 	/System/Library/Frameworks/IOBluetooth.framework/Versions/A/IOBluetooth
0x0000000001dda000 	/System/Library/PrivateFrameworks/CoreWiFi.framework/Versions/A/CoreWiFi
0x0000000001dda000 	/System/Library/Frameworks/CoreBluetooth.framework/Versions/A/CoreBluetooth
0x0000000001dda000 	/System/Library/PrivateFrameworks/ChunkingLibrary.framework/Versions/A/ChunkingLibrary
0x0000000001dda000 	/System/Library/PrivateFrameworks/DebugSymbols.framework/Versions/A/DebugSymbols
0x0000000001dda000 	/System/Library/PrivateFrameworks/CoreSymbolication.framework/Versions/A/CoreSymbolication
0x0000000001dda000 	/System/Library/PrivateFrameworks/Symbolication.framework/Versions/A/Symbolication
0x0000000001dda000 	/System/Library/PrivateFrameworks/SpeechRecognitionCore.framework/Versions/A/SpeechRecognitionCore
0x0000000045db6000 	/System/Library/CoreServices/Encodings/libJapaneseConverter.dylib
0x0000000101800000 	/Library/Java/JavaVirtualMachines/jdk1.8.0_45.jdk/Contents/Home/jre/lib/server/libjvm.dylib
0x0000000001dda000 	/usr/lib/libstdc++.6.dylib
0x000000010070c000 	/Library/Java/JavaVirtualMachines/jdk1.8.0_45.jdk/Contents/Home/jre/lib/libverify.dylib
0x000000010071a000 	/Library/Java/JavaVirtualMachines/jdk1.8.0_45.jdk/Contents/Home/jre/lib/libjava.dylib
0x0000000100759000 	/Library/Java/JavaVirtualMachines/jdk1.8.0_45.jdk/Contents/Home/jre/lib/libzip.dylib
0x000000011674b000 	/System/Library/Frameworks/JavaVM.framework/Frameworks/JavaRuntimeSupport.framework/JavaRuntimeSupport
0x0000000116766000 	/System/Library/Frameworks/JavaVM.framework/Versions/A/Frameworks/JavaNativeFoundation.framework/Versions/A/JavaNativeFoundation
0x000000011677b000 	/System/Library/Frameworks/JavaVM.framework/Versions/A/JavaVM
0x0000000001dda000 	/System/Library/Frameworks/Carbon.framework/Versions/A/Carbon
0x0000000116788000 	/System/Library/PrivateFrameworks/JavaLaunching.framework/Versions/A/JavaLaunching
0x0000000001dda000 	/System/Library/Frameworks/Carbon.framework/Versions/A/Frameworks/CommonPanels.framework/Versions/A/CommonPanels
0x0000000001dda000 	/System/Library/Frameworks/Carbon.framework/Versions/A/Frameworks/Help.framework/Versions/A/Help
0x0000000001dda000 	/System/Library/Frameworks/Carbon.framework/Versions/A/Frameworks/ImageCapture.framework/Versions/A/ImageCapture
0x0000000001dda000 	/System/Library/Frameworks/Carbon.framework/Versions/A/Frameworks/OpenScripting.framework/Versions/A/OpenScripting
0x0000000001dda000 	/System/Library/Frameworks/Carbon.framework/Versions/A/Frameworks/Print.framework/Versions/A/Print
0x0000000001dda000 	/System/Library/Frameworks/Carbon.framework/Versions/A/Frameworks/SecurityHI.framework/Versions/A/SecurityHI
0x000000011874b000 	/Library/Java/JavaVirtualMachines/jdk1.8.0_45.jdk/Contents/Home/jre/lib/libnet.dylib
0x00000001187aa000 	/Library/Java/JavaVirtualMachines/jdk1.8.0_45.jdk/Contents/Home/jre/lib/libnio.dylib
0x00000001187ba000 	/Users/rei_m/.gradle/native/25/osx-amd64/libnative-platform.dylib
0x0000000118b5b000 	/Library/Java/JavaVirtualMachines/jdk1.8.0_45.jdk/Contents/Home/jre/lib/libmanagement.dylib
0x000000011848f000 	/Library/Java/JavaVirtualMachines/jdk1.8.0_45.jdk/Contents/Home/jre/lib/libsunec.dylib

VM Arguments:
jvm_args: -XX:+HeapDumpOnOutOfMemoryError -Xmx1024m -Dfile.encoding=UTF-8 -Duser.country=JP -Duser.language=ja -Duser.variant 
java_command: org.gradle.launcher.daemon.bootstrap.GradleDaemon 4.1
java_class_path (initial): /Users/rei_m/.gradle/wrapper/dists/gradle-4.1-all/bzyivzo6n839fup2jbap0tjew/gradle-4.1/lib/gradle-launcher-4.1.jar
Launcher Type: SUN_STANDARD

Environment Variables:
JAVA_HOME=/Library/Java/JavaVirtualMachines/jdk1.8.0_45.jdk/Contents/Home
PATH=/Users/rei_m/android-sdk/platform-tools:/Users/rei_m/bin:/Users/rei_m/.nodebrew/current/bin:/Users/rei_m/.rbenv/shims:/Users/rei_m/.rbenv/shims:/usr/local/bin:/usr/bin:/bin:/usr/sbin:/sbin:/opt/X11/bin:/usr/local/git/bin:/usr/local/mysql/bin:/usr/local/opt/go/libexec/bin:/Users/rei_m/go/bin
SHELL=/bin/zsh
DISPLAY=/private/tmp/com.apple.launchd.3hwuEfJ731/org.macosforge.xquartz:0

Signal Handlers:
SIGSEGV: [libjvm.dylib+0x58ef95], sa_mask[0]=11111111011111110111111111111111, sa_flags=SA_ONSTACK|SA_RESTART|SA_SIGINFO
SIGBUS: [libjvm.dylib+0x58ef95], sa_mask[0]=11111111011111110111111111111111, sa_flags=SA_RESTART|SA_SIGINFO
SIGFPE: [libjvm.dylib+0x46c108], sa_mask[0]=11111111011111110111111111111111, sa_flags=SA_RESTART|SA_SIGINFO
SIGPIPE: [libjvm.dylib+0x46c108], sa_mask[0]=11111111011111110111111111111111, sa_flags=SA_RESTART|SA_SIGINFO
SIGXFSZ: [libjvm.dylib+0x46c108], sa_mask[0]=11111111011111110111111111111111, sa_flags=SA_RESTART|SA_SIGINFO
SIGILL: [libjvm.dylib+0x46c108], sa_mask[0]=11111111011111110111111111111111, sa_flags=SA_RESTART|SA_SIGINFO
SIGUSR1: SIG_DFL, sa_mask[0]=00000000000000000000000000000000, sa_flags=SA_RESTART
SIGUSR2: [libjvm.dylib+0x46bc26], sa_mask[0]=00100000000000000000000000000000, sa_flags=SA_RESTART|SA_SIGINFO
SIGHUP: [libjvm.dylib+0x46a1f9], sa_mask[0]=11111111011111110111111111111111, sa_flags=SA_RESTART|SA_SIGINFO
SIGINT: [libjvm.dylib+0x46a1f9], sa_mask[0]=11111111011111110111111111111111, sa_flags=SA_RESTART|SA_SIGINFO
SIGTERM: [libjvm.dylib+0x46a1f9], sa_mask[0]=11111111011111110111111111111111, sa_flags=SA_RESTART|SA_SIGINFO
SIGQUIT: [libjvm.dylib+0x46a1f9], sa_mask[0]=11111111011111110111111111111111, sa_flags=SA_RESTART|SA_SIGINFO


---------------  S Y S T E M  ---------------

OS:Bsduname:Darwin 15.6.0 Darwin Kernel Version 15.6.0: Sun Jun  4 21:43:07 PDT 2017; root:xnu-3248.70.3~1/RELEASE_X86_64 x86_64
rlimit: STACK 8192k, CORE 0k, NPROC 709, NOFILE 10240, AS infinity
load average:3.90 2.83 2.32

CPU:total 8 (4 cores per cpu, 2 threads per core) family 6 model 58 stepping 9, cmov, cx8, fxsr, mmx, sse, sse2, sse3, ssse3, sse4.1, sse4.2, popcnt, avx, aes, clmul, erms, ht, tsc, tscinvbit, tscinv

Memory: 4k page, physical 8388608k(52860k free)

/proc/meminfo:


vm_info: Java HotSpot(TM) 64-Bit Server VM (25.45-b02) for bsd-amd64 JRE (1.8.0_45-b14), built on Apr 10 2015 10:46:38 by "java_re" with gcc 4.2.1 (Based on Apple Inc. build 5658) (LLVM build 2336.11.00)

time: Wed Nov  1 00:56:27 2017
elapsed time: 288 seconds (0d 0h 4m 48s)

